Unable to capture context for thread 12468 in process 15644, can not generate back trace
Exception at PC 0x00007FFC94C9BB93
Printing stacktrace...

Unable to capture context for thread 12468 in process 15644, can not generate back trace
Exception at PC 0x00007FFD1E3CA859
Exception at PC 0x00007FFD1E3CA859
Exception at PC 0x00007FFD1E3CA859
Exception at PC 0x00007FFD1E3CA859
Exception at PC 0x00007FFD1E3CA859
Exception at PC 0x00007FFD1E3CA859
Exception at PC 0x00007FFD1E3CA859
Exception at PC 0x00007FFD1E3CA859
[0]  [0x00007FFC94C9BB93]
[1]  [0x00007FFC94C9BB93]
[2]  [0x00007FFC94C9B4A1]
[3]  [0x00007FFC94C9B3EF]
[4]  [0x00007FFC94C819FE]
[5]  [0x00007FFC94C80ED1]
[6]  [0x00007FFC94C80D76]
[7]  [0x00007FFC94C279F6]
[8]  [0x00007FFC94C17AFB]
[9]  [0x00007FFC94D3E90A]
[10]  [0x00007FFC94D59F87]
[11]  [0x00007FFC94D5A05F]
[12] (BaseThreadInitThunk+0x14) [0x00007FFD1FE27BD4]
[13] (RtlUserThreadStart+0x21) [0x00007FFD2074CED1]
Done
Exception at PC 0x00007FFD1E3CA859
Exception at PC 0x00007FFD1E3CA859
Exception at PC 0x00007FFD1E3CA859
Exception at PC 0x00007FFD1E3CA859
Exception at PC 0x00007FFD1E3CA859
Exception at PC 0x00007FFD1E3CA859
Exception at PC 0x00007FFD1E3CA859
Exception at PC 0x00007FFD1E3CA859
Exception at PC 0x00007FFD1E3CA859
Exception at PC 0x00007FFD1E3CA859
