
*** Running vivado
    with args -log pipeline_cpu_display.vds -m64 -mode batch -messageDb vivado.pb -notrace -source pipeline_cpu_display.tcl


****** Vivado v2016.2 (64-bit)
  **** SW Build 1577090 on Thu Jun  2 16:32:40 MDT 2016
  **** IP Build 1577682 on Fri Jun  3 12:00:54 MDT 2016
    ** Copyright 1986-2016 Xilinx, Inc. All Rights Reserved.

source pipeline_cpu_display.tcl -notrace
Command: synth_design -top pipeline_cpu_display -part xc7a100tcsg324-1
Starting synth_design
Attempting to get a license for feature 'Synthesis' and/or device 'xc7a100t'
INFO: [Common 17-349] Got license for feature 'Synthesis' and/or device 'xc7a100t'
INFO: Launching helper process for spawning children vivado processes
INFO: Helper process launched with PID 4248 
---------------------------------------------------------------------------------
Starting RTL Elaboration : Time (s): cpu = 00:00:06 ; elapsed = 00:00:09 . Memory (MB): peak = 305.473 ; gain = 98.676
---------------------------------------------------------------------------------
INFO: [Synth 8-638] synthesizing module 'pipeline_cpu_display' [C:/Download/pipeline_CPU2/pipeline_CPU2.srcs/sources_1/imports/sources_1/imports/8_pipeline_cpu/pipeline_cpu_display.v:9]
INFO: [Synth 8-638] synthesizing module 'clk_divider' [C:/Download/pipeline_CPU2/pipeline_CPU2.srcs/sources_1/imports/sources_1/new/clk_divider.v:23]
INFO: [Synth 8-256] done synthesizing module 'clk_divider' (1#1) [C:/Download/pipeline_CPU2/pipeline_CPU2.srcs/sources_1/imports/sources_1/new/clk_divider.v:23]
INFO: [Synth 8-638] synthesizing module 'pipeline_cpu' [C:/Download/pipeline_CPU2/pipeline_CPU2.srcs/sources_1/imports/sources_1/imports/8_pipeline_cpu/pipeline_cpu.v:9]
INFO: [Synth 8-638] synthesizing module 'fetch' [C:/Download/pipeline_CPU2/pipeline_CPU2.srcs/sources_1/imports/sources_1/imports/8_pipeline_cpu/fetch.v:8]
INFO: [Synth 8-256] done synthesizing module 'fetch' (2#1) [C:/Download/pipeline_CPU2/pipeline_CPU2.srcs/sources_1/imports/sources_1/imports/8_pipeline_cpu/fetch.v:8]
INFO: [Synth 8-638] synthesizing module 'imem' [C:/Download/pipeline_CPU2/pipeline_CPU2.runs/synth_1/.Xil/Vivado-752-DESKTOP-FKURGSP/realtime/imem_stub.v:6]
INFO: [Synth 8-256] done synthesizing module 'imem' (3#1) [C:/Download/pipeline_CPU2/pipeline_CPU2.runs/synth_1/.Xil/Vivado-752-DESKTOP-FKURGSP/realtime/imem_stub.v:6]
INFO: [Synth 8-638] synthesizing module 'decode' [C:/Download/pipeline_CPU2/pipeline_CPU2.srcs/sources_1/imports/sources_1/imports/8_pipeline_cpu/decode.v:8]
INFO: [Synth 8-256] done synthesizing module 'decode' (4#1) [C:/Download/pipeline_CPU2/pipeline_CPU2.srcs/sources_1/imports/sources_1/imports/8_pipeline_cpu/decode.v:8]
INFO: [Synth 8-638] synthesizing module 'exe' [C:/Download/pipeline_CPU2/pipeline_CPU2.srcs/sources_1/imports/sources_1/imports/8_pipeline_cpu/exe.v:9]
INFO: [Synth 8-638] synthesizing module 'alu' [C:/Download/pipeline_CPU2/pipeline_CPU2.srcs/sources_1/imports/sources_1/imports/8_pipeline_cpu/alu.v:8]
INFO: [Synth 8-638] synthesizing module 'adder' [C:/Download/pipeline_CPU2/pipeline_CPU2.srcs/sources_1/imports/sources_1/imports/8_pipeline_cpu/adder.v:8]
INFO: [Synth 8-256] done synthesizing module 'adder' (5#1) [C:/Download/pipeline_CPU2/pipeline_CPU2.srcs/sources_1/imports/sources_1/imports/8_pipeline_cpu/adder.v:8]
INFO: [Synth 8-256] done synthesizing module 'alu' (6#1) [C:/Download/pipeline_CPU2/pipeline_CPU2.srcs/sources_1/imports/sources_1/imports/8_pipeline_cpu/alu.v:8]
INFO: [Synth 8-638] synthesizing module 'multiply' [C:/Download/pipeline_CPU2/pipeline_CPU2.srcs/sources_1/imports/sources_1/imports/8_pipeline_cpu/multiply.v:8]
INFO: [Synth 8-256] done synthesizing module 'multiply' (7#1) [C:/Download/pipeline_CPU2/pipeline_CPU2.srcs/sources_1/imports/sources_1/imports/8_pipeline_cpu/multiply.v:8]
INFO: [Synth 8-256] done synthesizing module 'exe' (8#1) [C:/Download/pipeline_CPU2/pipeline_CPU2.srcs/sources_1/imports/sources_1/imports/8_pipeline_cpu/exe.v:9]
INFO: [Synth 8-638] synthesizing module 'mem' [C:/Download/pipeline_CPU2/pipeline_CPU2.srcs/sources_1/imports/sources_1/imports/8_pipeline_cpu/mem.v:8]
INFO: [Synth 8-226] default block is never used [C:/Download/pipeline_CPU2/pipeline_CPU2.srcs/sources_1/imports/sources_1/imports/8_pipeline_cpu/mem.v:85]
INFO: [Synth 8-226] default block is never used [C:/Download/pipeline_CPU2/pipeline_CPU2.srcs/sources_1/imports/sources_1/imports/8_pipeline_cpu/mem.v:103]
INFO: [Synth 8-256] done synthesizing module 'mem' (9#1) [C:/Download/pipeline_CPU2/pipeline_CPU2.srcs/sources_1/imports/sources_1/imports/8_pipeline_cpu/mem.v:8]
INFO: [Synth 8-638] synthesizing module 'wb' [C:/Download/pipeline_CPU2/pipeline_CPU2.srcs/sources_1/imports/sources_1/imports/8_pipeline_cpu/wb.v:10]
INFO: [Synth 8-256] done synthesizing module 'wb' (10#1) [C:/Download/pipeline_CPU2/pipeline_CPU2.srcs/sources_1/imports/sources_1/imports/8_pipeline_cpu/wb.v:10]
INFO: [Synth 8-638] synthesizing module 'regfile' [C:/Download/pipeline_CPU2/pipeline_CPU2.srcs/sources_1/imports/sources_1/imports/8_pipeline_cpu/regfile.v:8]
INFO: [Synth 8-256] done synthesizing module 'regfile' (11#1) [C:/Download/pipeline_CPU2/pipeline_CPU2.srcs/sources_1/imports/sources_1/imports/8_pipeline_cpu/regfile.v:8]
INFO: [Synth 8-638] synthesizing module 'data_ram' [C:/Download/pipeline_CPU2/pipeline_CPU2.srcs/sources_1/imports/sources_1/new/data_ram.v:23]
INFO: [Synth 8-256] done synthesizing module 'data_ram' (12#1) [C:/Download/pipeline_CPU2/pipeline_CPU2.srcs/sources_1/imports/sources_1/new/data_ram.v:23]
INFO: [Synth 8-256] done synthesizing module 'pipeline_cpu' (13#1) [C:/Download/pipeline_CPU2/pipeline_CPU2.srcs/sources_1/imports/sources_1/imports/8_pipeline_cpu/pipeline_cpu.v:9]
INFO: [Synth 8-638] synthesizing module 'seg' [C:/Download/pipeline_CPU2/pipeline_CPU2.srcs/sources_1/imports/sources_1/new/seg.v:23]
INFO: [Synth 8-155] case statement is not full and has no default [C:/Download/pipeline_CPU2/pipeline_CPU2.srcs/sources_1/imports/sources_1/new/seg.v:88]
INFO: [Synth 8-256] done synthesizing module 'seg' (14#1) [C:/Download/pipeline_CPU2/pipeline_CPU2.srcs/sources_1/imports/sources_1/new/seg.v:23]
INFO: [Synth 8-256] done synthesizing module 'pipeline_cpu_display' (15#1) [C:/Download/pipeline_CPU2/pipeline_CPU2.srcs/sources_1/imports/sources_1/imports/8_pipeline_cpu/pipeline_cpu_display.v:9]
---------------------------------------------------------------------------------
Finished RTL Elaboration : Time (s): cpu = 00:00:07 ; elapsed = 00:00:10 . Memory (MB): peak = 342.762 ; gain = 135.965
---------------------------------------------------------------------------------

Report Check Netlist: 
+------+------------------+-------+---------+-------+------------------+
|      |Item              |Errors |Warnings |Status |Description       |
+------+------------------+-------+---------+-------+------------------+
|1     |multi_driven_nets |      0|        0|Passed |Multi driven nets |
+------+------------------+-------+---------+-------+------------------+
---------------------------------------------------------------------------------
Finished RTL Optimization Phase 1 : Time (s): cpu = 00:00:07 ; elapsed = 00:00:10 . Memory (MB): peak = 342.762 ; gain = 135.965
---------------------------------------------------------------------------------
WARNING: [Project 1-486] Could not resolve non-primitive black box cell 'imem' instantiated as 'cpu/iMem' [C:/Download/pipeline_CPU2/pipeline_CPU2.srcs/sources_1/imports/sources_1/imports/8_pipeline_cpu/pipeline_cpu.v:215]
INFO: [Device 21-403] Loading part xc7a100tcsg324-1
INFO: [Project 1-570] Preparing netlist for logic optimization

Processing XDC Constraints
Initializing timing engine
Parsing XDC File [C:/Download/pipeline_CPU2/pipeline_CPU2.runs/synth_1/.Xil/Vivado-752-DESKTOP-FKURGSP/dcp/imem_in_context.xdc] for cell 'cpu/iMem'
Finished Parsing XDC File [C:/Download/pipeline_CPU2/pipeline_CPU2.runs/synth_1/.Xil/Vivado-752-DESKTOP-FKURGSP/dcp/imem_in_context.xdc] for cell 'cpu/iMem'
Parsing XDC File [C:/Download/pipeline_CPU2/pipeline_CPU2.srcs/constrs_1/imports/new/1.xdc]
Finished Parsing XDC File [C:/Download/pipeline_CPU2/pipeline_CPU2.srcs/constrs_1/imports/new/1.xdc]
INFO: [Project 1-236] Implementation specific constraints were found while reading constraint file [C:/Download/pipeline_CPU2/pipeline_CPU2.srcs/constrs_1/imports/new/1.xdc]. These constraints will be ignored for synthesis but will be used in implementation. Impacted constraints are listed in the file [.Xil/pipeline_cpu_display_propImpl.xdc].
Resolution: To avoid this warning, move constraints listed in [.Xil/pipeline_cpu_display_propImpl.xdc] to another XDC file and exclude this new file from synthesis with the used_in_synthesis property (File Properties dialog in GUI) and re-run elaboration/synthesis.
Completed Processing XDC Constraints

INFO: [Project 1-111] Unisim Transformation Summary:
No Unisim elements were transformed.

Constraint Validation Runtime : Time (s): cpu = 00:00:00 ; elapsed = 00:00:00.008 . Memory (MB): peak = 656.785 ; gain = 0.000
---------------------------------------------------------------------------------
Finished Constraint Validation : Time (s): cpu = 00:00:16 ; elapsed = 00:00:20 . Memory (MB): peak = 656.785 ; gain = 449.988
---------------------------------------------------------------------------------
---------------------------------------------------------------------------------
Start Loading Part and Timing Information
---------------------------------------------------------------------------------
Loading part: xc7a100tcsg324-1
---------------------------------------------------------------------------------
Finished Loading Part and Timing Information : Time (s): cpu = 00:00:16 ; elapsed = 00:00:20 . Memory (MB): peak = 656.785 ; gain = 449.988
---------------------------------------------------------------------------------
---------------------------------------------------------------------------------
Start Applying 'set_property' XDC Constraints
---------------------------------------------------------------------------------
---------------------------------------------------------------------------------
Finished applying 'set_property' XDC Constraints : Time (s): cpu = 00:00:16 ; elapsed = 00:00:20 . Memory (MB): peak = 656.785 ; gain = 449.988
---------------------------------------------------------------------------------
INFO: [Synth 8-5546] ROM "rf_reg[31]" won't be mapped to RAM because it is too sparse
INFO: [Synth 8-5546] ROM "rf_reg[30]" won't be mapped to RAM because it is too sparse
INFO: [Synth 8-5546] ROM "rf_reg[29]" won't be mapped to RAM because it is too sparse
INFO: [Synth 8-5546] ROM "rf_reg[28]" won't be mapped to RAM because it is too sparse
INFO: [Synth 8-5546] ROM "rf_reg[27]" won't be mapped to RAM because it is too sparse
INFO: [Synth 8-5546] ROM "rf_reg[26]" won't be mapped to RAM because it is too sparse
INFO: [Synth 8-5546] ROM "rf_reg[25]" won't be mapped to RAM because it is too sparse
INFO: [Synth 8-5546] ROM "rf_reg[24]" won't be mapped to RAM because it is too sparse
INFO: [Synth 8-5546] ROM "rf_reg[23]" won't be mapped to RAM because it is too sparse
INFO: [Synth 8-5546] ROM "rf_reg[22]" won't be mapped to RAM because it is too sparse
INFO: [Synth 8-5546] ROM "rf_reg[21]" won't be mapped to RAM because it is too sparse
INFO: [Synth 8-5546] ROM "rf_reg[20]" won't be mapped to RAM because it is too sparse
INFO: [Synth 8-5546] ROM "rf_reg[19]" won't be mapped to RAM because it is too sparse
INFO: [Synth 8-5546] ROM "rf_reg[18]" won't be mapped to RAM because it is too sparse
INFO: [Synth 8-5546] ROM "rf_reg[17]" won't be mapped to RAM because it is too sparse
INFO: [Synth 8-5546] ROM "rf_reg[16]" won't be mapped to RAM because it is too sparse
INFO: [Synth 8-5546] ROM "rf_reg[15]" won't be mapped to RAM because it is too sparse
INFO: [Synth 8-5546] ROM "rf_reg[14]" won't be mapped to RAM because it is too sparse
INFO: [Synth 8-5546] ROM "rf_reg[13]" won't be mapped to RAM because it is too sparse
INFO: [Synth 8-5546] ROM "rf_reg[12]" won't be mapped to RAM because it is too sparse
INFO: [Synth 8-5546] ROM "rf_reg[11]" won't be mapped to RAM because it is too sparse
INFO: [Synth 8-5546] ROM "rf_reg[10]" won't be mapped to RAM because it is too sparse
INFO: [Synth 8-5546] ROM "rf_reg[9]" won't be mapped to RAM because it is too sparse
INFO: [Synth 8-5546] ROM "rf_reg[8]" won't be mapped to RAM because it is too sparse
INFO: [Synth 8-5546] ROM "rf_reg[7]" won't be mapped to RAM because it is too sparse
INFO: [Synth 8-5546] ROM "rf_reg[6]" won't be mapped to RAM because it is too sparse
INFO: [Synth 8-5546] ROM "rf_reg[5]" won't be mapped to RAM because it is too sparse
INFO: [Synth 8-5546] ROM "rf_reg[4]" won't be mapped to RAM because it is too sparse
INFO: [Synth 8-5546] ROM "rf_reg[3]" won't be mapped to RAM because it is too sparse
INFO: [Synth 8-5546] ROM "rf_reg[2]" won't be mapped to RAM because it is too sparse
INFO: [Synth 8-5546] ROM "rf_reg[1]" won't be mapped to RAM because it is too sparse
INFO: [Synth 8-5546] ROM "o_seg_r" won't be mapped to RAM because it is too sparse
---------------------------------------------------------------------------------
Finished RTL Optimization Phase 2 : Time (s): cpu = 00:00:17 ; elapsed = 00:00:20 . Memory (MB): peak = 656.785 ; gain = 449.988
---------------------------------------------------------------------------------

Report RTL Partitions: 
+-+--------------+------------+----------+
| |RTL Partition |Replication |Instances |
+-+--------------+------------+----------+
+-+--------------+------------+----------+
---------------------------------------------------------------------------------
Start RTL Component Statistics 
---------------------------------------------------------------------------------
Detailed RTL Component Info : 
+---Adders : 
	   2 Input     64 Bit       Adders := 1     
	   3 Input     33 Bit       Adders := 1     
	   2 Input     32 Bit       Adders := 3     
	   2 Input     30 Bit       Adders := 2     
	   2 Input      3 Bit       Adders := 1     
+---XORs : 
	   2 Input     32 Bit         XORs := 1     
	   2 Input      1 Bit         XORs := 2     
+---Registers : 
	              167 Bit    Registers := 1     
	              154 Bit    Registers := 1     
	              118 Bit    Registers := 1     
	               64 Bit    Registers := 2     
	               32 Bit    Registers := 37    
	                8 Bit    Registers := 1     
	                5 Bit    Registers := 1     
	                3 Bit    Registers := 1     
	                1 Bit    Registers := 10    
+---Muxes : 
	   2 Input     64 Bit        Muxes := 3     
	   4 Input     32 Bit        Muxes := 2     
	   2 Input     32 Bit        Muxes := 30    
	   2 Input     24 Bit        Muxes := 1     
	   4 Input      8 Bit        Muxes := 1     
	   2 Input      8 Bit        Muxes := 1     
	  16 Input      8 Bit        Muxes := 1     
	   8 Input      8 Bit        Muxes := 1     
	   2 Input      5 Bit        Muxes := 3     
	   6 Input      4 Bit        Muxes := 1     
	   2 Input      1 Bit        Muxes := 34    
	   4 Input      1 Bit        Muxes := 1     
---------------------------------------------------------------------------------
Finished RTL Component Statistics 
---------------------------------------------------------------------------------
---------------------------------------------------------------------------------
Start RTL Hierarchical Component Statistics 
---------------------------------------------------------------------------------
Hierarchical RTL Component report 
Module fetch 
Detailed RTL Component Info : 
+---Adders : 
	   2 Input     30 Bit       Adders := 1     
+---Registers : 
	               32 Bit    Registers := 1     
	                1 Bit    Registers := 1     
+---Muxes : 
	   4 Input     32 Bit        Muxes := 1     
	   2 Input     32 Bit        Muxes := 2     
Module decode 
Detailed RTL Component Info : 
+---Adders : 
	   2 Input     32 Bit       Adders := 1     
	   2 Input     30 Bit       Adders := 1     
+---Muxes : 
	   2 Input     32 Bit        Muxes := 7     
	   2 Input      5 Bit        Muxes := 3     
Module adder 
Detailed RTL Component Info : 
+---Adders : 
	   3 Input     33 Bit       Adders := 1     
Module alu 
Detailed RTL Component Info : 
+---XORs : 
	   2 Input     32 Bit         XORs := 1     
	   2 Input      1 Bit         XORs := 1     
+---Muxes : 
	   2 Input     32 Bit        Muxes := 7     
Module multiply 
Detailed RTL Component Info : 
+---Adders : 
	   2 Input     64 Bit       Adders := 1     
	   2 Input     32 Bit       Adders := 2     
+---XORs : 
	   2 Input      1 Bit         XORs := 1     
+---Registers : 
	               64 Bit    Registers := 1     
	               32 Bit    Registers := 1     
	                1 Bit    Registers := 2     
+---Muxes : 
	   2 Input     64 Bit        Muxes := 3     
	   2 Input     32 Bit        Muxes := 3     
	   2 Input      1 Bit        Muxes := 1     
Module exe 
Detailed RTL Component Info : 
+---Muxes : 
	   2 Input     32 Bit        Muxes := 4     
Module mem 
Detailed RTL Component Info : 
+---Registers : 
	                1 Bit    Registers := 1     
+---Muxes : 
	   4 Input     32 Bit        Muxes := 1     
	   2 Input     32 Bit        Muxes := 1     
	   2 Input     24 Bit        Muxes := 1     
	   4 Input      8 Bit        Muxes := 1     
	   6 Input      4 Bit        Muxes := 1     
	   2 Input      1 Bit        Muxes := 1     
	   4 Input      1 Bit        Muxes := 1     
Module wb 
Detailed RTL Component Info : 
+---Registers : 
	               32 Bit    Registers := 3     
	                5 Bit    Registers := 1     
	                1 Bit    Registers := 1     
+---Muxes : 
	   2 Input     32 Bit        Muxes := 6     
	   2 Input      1 Bit        Muxes := 1     
Module regfile 
Detailed RTL Component Info : 
+---Registers : 
	               32 Bit    Registers := 31    
+---Muxes : 
	   2 Input      1 Bit        Muxes := 31    
Module pipeline_cpu 
Detailed RTL Component Info : 
+---Registers : 
	              167 Bit    Registers := 1     
	              154 Bit    Registers := 1     
	              118 Bit    Registers := 1     
	               64 Bit    Registers := 1     
	                1 Bit    Registers := 5     
Module seg 
Detailed RTL Component Info : 
+---Adders : 
	   2 Input      3 Bit       Adders := 1     
+---Registers : 
	               32 Bit    Registers := 1     
	                8 Bit    Registers := 1     
	                3 Bit    Registers := 1     
+---Muxes : 
	   2 Input      8 Bit        Muxes := 1     
	  16 Input      8 Bit        Muxes := 1     
	   8 Input      8 Bit        Muxes := 1     
---------------------------------------------------------------------------------
Finished RTL Hierarchical Component Statistics
---------------------------------------------------------------------------------
---------------------------------------------------------------------------------
Start Part Resource Summary
---------------------------------------------------------------------------------
Part Resources:
DSPs: 240 (col length:80)
BRAMs: 270 (col length: RAMB18 80 RAMB36 40)
---------------------------------------------------------------------------------
Finished Part Resource Summary
---------------------------------------------------------------------------------
Start Parallel Synthesis Optimization  : Time (s): cpu = 00:00:17 ; elapsed = 00:00:21 . Memory (MB): peak = 656.785 ; gain = 449.988
---------------------------------------------------------------------------------
Start Cross Boundary Optimization
---------------------------------------------------------------------------------
---------------------------------------------------------------------------------
Finished Cross Boundary Optimization : Time (s): cpu = 00:00:17 ; elapsed = 00:00:21 . Memory (MB): peak = 656.785 ; gain = 449.988
---------------------------------------------------------------------------------
Finished Parallel Reinference  : Time (s): cpu = 00:00:17 ; elapsed = 00:00:21 . Memory (MB): peak = 656.785 ; gain = 449.988

Report RTL Partitions: 
+-+--------------+------------+----------+
| |RTL Partition |Replication |Instances |
+-+--------------+------------+----------+
+-+--------------+------------+----------+
---------------------------------------------------------------------------------
Start ROM, RAM, DSP and Shift Register Reporting
---------------------------------------------------------------------------------

Distributed RAM: Preliminary Mapping  Report (see note below)
+-------------+----------------------------+-----------+----------------------+------------------+
|Module Name  | RTL Object                 | Inference | Size (Depth x Width) | Primitives       | 
+-------------+----------------------------+-----------+----------------------+------------------+
|pipeline_cpu | data_ram_module/memory_reg | Implied   | 512 x 32             | RAM256X1S x 64   | 
+-------------+----------------------------+-----------+----------------------+------------------+

Note: The table above is a preliminary report that shows the Distributed RAMs at the current stage of the synthesis flow. Some Distributed RAMs may be reimplemented as non Distributed RAM primitives later in the synthesis flow. Multiple instantiated RAMs are reported only once.
---------------------------------------------------------------------------------
Finished ROM, RAM, DSP and Shift Register Reporting
---------------------------------------------------------------------------------
---------------------------------------------------------------------------------
Start Area Optimization
---------------------------------------------------------------------------------
INFO: [Synth 8-3333] propagating constant 1 across sequential element (cpu/WB_module/\cause_exc_code_r_reg[3] )
INFO: [Synth 8-3886] merging instance 'cpu/WB_module/cause_exc_code_r_reg[4]' (FDRE) to 'cpu/WB_module/cause_exc_code_r_reg[2]'
INFO: [Synth 8-3886] merging instance 'cpu/WB_module/cause_exc_code_r_reg[2]' (FDRE) to 'cpu/WB_module/cause_exc_code_r_reg[1]'
INFO: [Synth 8-3886] merging instance 'cpu/WB_module/cause_exc_code_r_reg[1]' (FDRE) to 'cpu/WB_module/cause_exc_code_r_reg[0]'
INFO: [Synth 8-3333] propagating constant 0 across sequential element (cpu/WB_module/\cause_exc_code_r_reg[0] )
INFO: [Synth 8-3333] propagating constant 1 across sequential element (\sbName/o_seg_r_reg[7] )
WARNING: [Synth 8-3332] Sequential element (cause_exc_code_r_reg[4]) is unused and will be removed from module wb.
WARNING: [Synth 8-3332] Sequential element (cause_exc_code_r_reg[3]) is unused and will be removed from module wb.
WARNING: [Synth 8-3332] Sequential element (cause_exc_code_r_reg[2]) is unused and will be removed from module wb.
WARNING: [Synth 8-3332] Sequential element (cause_exc_code_r_reg[1]) is unused and will be removed from module wb.
WARNING: [Synth 8-3332] Sequential element (cause_exc_code_r_reg[0]) is unused and will be removed from module wb.
WARNING: [Synth 8-3332] Sequential element (cpu_clk_cg/q_reg[2]) is unused and will be removed from module pipeline_cpu_display.
WARNING: [Synth 8-3332] Sequential element (cpu_clk_cg/q_reg[3]) is unused and will be removed from module pipeline_cpu_display.
WARNING: [Synth 8-3332] Sequential element (cpu_clk_cg/q_reg[4]) is unused and will be removed from module pipeline_cpu_display.
WARNING: [Synth 8-3332] Sequential element (cpu_clk_cg/q_reg[5]) is unused and will be removed from module pipeline_cpu_display.
WARNING: [Synth 8-3332] Sequential element (cpu_clk_cg/q_reg[6]) is unused and will be removed from module pipeline_cpu_display.
WARNING: [Synth 8-3332] Sequential element (cpu_clk_cg/q_reg[7]) is unused and will be removed from module pipeline_cpu_display.
WARNING: [Synth 8-3332] Sequential element (cpu_clk_cg/q_reg[8]) is unused and will be removed from module pipeline_cpu_display.
WARNING: [Synth 8-3332] Sequential element (cpu_clk_cg/q_reg[9]) is unused and will be removed from module pipeline_cpu_display.
WARNING: [Synth 8-3332] Sequential element (cpu_clk_cg/q_reg[10]) is unused and will be removed from module pipeline_cpu_display.
WARNING: [Synth 8-3332] Sequential element (cpu_clk_cg/q_reg[11]) is unused and will be removed from module pipeline_cpu_display.
WARNING: [Synth 8-3332] Sequential element (cpu_clk_cg/q_reg[12]) is unused and will be removed from module pipeline_cpu_display.
WARNING: [Synth 8-3332] Sequential element (cpu_clk_cg/q_reg[13]) is unused and will be removed from module pipeline_cpu_display.
WARNING: [Synth 8-3332] Sequential element (cpu_clk_cg/q_reg[14]) is unused and will be removed from module pipeline_cpu_display.
WARNING: [Synth 8-3332] Sequential element (cpu_clk_cg/q_reg[15]) is unused and will be removed from module pipeline_cpu_display.
WARNING: [Synth 8-3332] Sequential element (cpu_clk_cg/q_reg[16]) is unused and will be removed from module pipeline_cpu_display.
WARNING: [Synth 8-3332] Sequential element (cpu_clk_cg/q_reg[17]) is unused and will be removed from module pipeline_cpu_display.
WARNING: [Synth 8-3332] Sequential element (cpu_clk_cg/q_reg[18]) is unused and will be removed from module pipeline_cpu_display.
WARNING: [Synth 8-3332] Sequential element (cpu_clk_cg/q_reg[19]) is unused and will be removed from module pipeline_cpu_display.
WARNING: [Synth 8-3332] Sequential element (cpu_clk_cg/q_reg[20]) is unused and will be removed from module pipeline_cpu_display.
WARNING: [Synth 8-3332] Sequential element (cpu_clk_cg/q_reg[21]) is unused and will be removed from module pipeline_cpu_display.
WARNING: [Synth 8-3332] Sequential element (cpu_clk_cg/q_reg[22]) is unused and will be removed from module pipeline_cpu_display.
WARNING: [Synth 8-3332] Sequential element (cpu_clk_cg/q_reg[23]) is unused and will be removed from module pipeline_cpu_display.
WARNING: [Synth 8-3332] Sequential element (cpu_clk_cg/q_reg[24]) is unused and will be removed from module pipeline_cpu_display.
WARNING: [Synth 8-3332] Sequential element (cpu_clk_cg/q_reg[25]) is unused and will be removed from module pipeline_cpu_display.
WARNING: [Synth 8-3332] Sequential element (cpu_clk_cg/q_reg[26]) is unused and will be removed from module pipeline_cpu_display.
WARNING: [Synth 8-3332] Sequential element (cpu_clk_cg/q_reg[27]) is unused and will be removed from module pipeline_cpu_display.
WARNING: [Synth 8-3332] Sequential element (cpu_clk_cg/q_reg[28]) is unused and will be removed from module pipeline_cpu_display.
WARNING: [Synth 8-3332] Sequential element (cpu_clk_cg/q_reg[29]) is unused and will be removed from module pipeline_cpu_display.
WARNING: [Synth 8-3332] Sequential element (cpu_clk_cg/q_reg[30]) is unused and will be removed from module pipeline_cpu_display.
WARNING: [Synth 8-3332] Sequential element (cpu_clk_cg/q_reg[31]) is unused and will be removed from module pipeline_cpu_display.
WARNING: [Synth 8-3332] Sequential element (sbName/o_seg_r_reg[7]) is unused and will be removed from module pipeline_cpu_display.
---------------------------------------------------------------------------------
Finished Area Optimization : Time (s): cpu = 00:00:26 ; elapsed = 00:00:30 . Memory (MB): peak = 656.785 ; gain = 449.988
---------------------------------------------------------------------------------
Finished Parallel Area Optimization  : Time (s): cpu = 00:00:26 ; elapsed = 00:00:30 . Memory (MB): peak = 656.785 ; gain = 449.988

Report RTL Partitions: 
+-+--------------+------------+----------+
| |RTL Partition |Replication |Instances |
+-+--------------+------------+----------+
+-+--------------+------------+----------+
---------------------------------------------------------------------------------
Start Timing Optimization
---------------------------------------------------------------------------------
---------------------------------------------------------------------------------
Start Applying XDC Timing Constraints
---------------------------------------------------------------------------------
---------------------------------------------------------------------------------
Finished Applying XDC Timing Constraints : Time (s): cpu = 00:00:35 ; elapsed = 00:00:39 . Memory (MB): peak = 665.395 ; gain = 458.598
---------------------------------------------------------------------------------
---------------------------------------------------------------------------------
Finished Timing Optimization : Time (s): cpu = 00:00:39 ; elapsed = 00:00:43 . Memory (MB): peak = 728.629 ; gain = 521.832
---------------------------------------------------------------------------------

Report RTL Partitions: 
+-+--------------+------------+----------+
| |RTL Partition |Replication |Instances |
+-+--------------+------------+----------+
+-+--------------+------------+----------+
---------------------------------------------------------------------------------
Start Technology Mapping
---------------------------------------------------------------------------------
---------------------------------------------------------------------------------
Finished Technology Mapping : Time (s): cpu = 00:00:41 ; elapsed = 00:00:45 . Memory (MB): peak = 733.199 ; gain = 526.402
---------------------------------------------------------------------------------
Finished Parallel Technology Mapping Optimization  : Time (s): cpu = 00:00:41 ; elapsed = 00:00:45 . Memory (MB): peak = 733.199 ; gain = 526.402

Report RTL Partitions: 
+-+--------------+------------+----------+
| |RTL Partition |Replication |Instances |
+-+--------------+------------+----------+
+-+--------------+------------+----------+
Finished Parallel Synthesis Optimization  : Time (s): cpu = 00:00:41 ; elapsed = 00:00:45 . Memory (MB): peak = 733.199 ; gain = 526.402
---------------------------------------------------------------------------------
Start IO Insertion
---------------------------------------------------------------------------------
---------------------------------------------------------------------------------
Start Flattening Before IO Insertion
---------------------------------------------------------------------------------
---------------------------------------------------------------------------------
Finished Flattening Before IO Insertion
---------------------------------------------------------------------------------
---------------------------------------------------------------------------------
Start Final Netlist Cleanup
---------------------------------------------------------------------------------
---------------------------------------------------------------------------------
Finished Final Netlist Cleanup
---------------------------------------------------------------------------------
---------------------------------------------------------------------------------
Finished IO Insertion : Time (s): cpu = 00:00:42 ; elapsed = 00:00:46 . Memory (MB): peak = 733.199 ; gain = 526.402
---------------------------------------------------------------------------------

Report Check Netlist: 
+------+------------------+-------+---------+-------+------------------+
|      |Item              |Errors |Warnings |Status |Description       |
+------+------------------+-------+---------+-------+------------------+
|1     |multi_driven_nets |      0|        0|Passed |Multi driven nets |
+------+------------------+-------+---------+-------+------------------+
---------------------------------------------------------------------------------
Start Renaming Generated Instances
---------------------------------------------------------------------------------
---------------------------------------------------------------------------------
Finished Renaming Generated Instances : Time (s): cpu = 00:00:42 ; elapsed = 00:00:46 . Memory (MB): peak = 733.199 ; gain = 526.402
---------------------------------------------------------------------------------

Report RTL Partitions: 
+-+--------------+------------+----------+
| |RTL Partition |Replication |Instances |
+-+--------------+------------+----------+
+-+--------------+------------+----------+
---------------------------------------------------------------------------------
Start Rebuilding User Hierarchy
---------------------------------------------------------------------------------
---------------------------------------------------------------------------------
Finished Rebuilding User Hierarchy : Time (s): cpu = 00:00:42 ; elapsed = 00:00:46 . Memory (MB): peak = 733.199 ; gain = 526.402
---------------------------------------------------------------------------------
---------------------------------------------------------------------------------
Start Renaming Generated Ports
---------------------------------------------------------------------------------
---------------------------------------------------------------------------------
Finished Renaming Generated Ports : Time (s): cpu = 00:00:42 ; elapsed = 00:00:46 . Memory (MB): peak = 733.199 ; gain = 526.402
---------------------------------------------------------------------------------
---------------------------------------------------------------------------------
Start Handling Custom Attributes
---------------------------------------------------------------------------------
---------------------------------------------------------------------------------
Finished Handling Custom Attributes : Time (s): cpu = 00:00:42 ; elapsed = 00:00:46 . Memory (MB): peak = 733.199 ; gain = 526.402
---------------------------------------------------------------------------------
---------------------------------------------------------------------------------
Start Renaming Generated Nets
---------------------------------------------------------------------------------
---------------------------------------------------------------------------------
Finished Renaming Generated Nets : Time (s): cpu = 00:00:42 ; elapsed = 00:00:46 . Memory (MB): peak = 733.199 ; gain = 526.402
---------------------------------------------------------------------------------
---------------------------------------------------------------------------------
Start Writing Synthesis Report
---------------------------------------------------------------------------------

Report BlackBoxes: 
+------+--------------+----------+
|      |BlackBox name |Instances |
+------+--------------+----------+
|1     |imem          |         1|
+------+--------------+----------+

Report Cell Usage: 
+------+----------+------+
|      |Cell      |Count |
+------+----------+------+
|1     |imem      |     1|
|2     |BUFG      |     2|
|3     |CARRY4    |    89|
|4     |LUT1      |   208|
|5     |LUT2      |    53|
|6     |LUT3      |   260|
|7     |LUT4      |   127|
|8     |LUT5      |   407|
|9     |LUT6      |   967|
|10    |MUXF7     |   258|
|11    |RAM256X1S |    64|
|12    |FDCE      |    50|
|13    |FDPE      |     7|
|14    |FDRE      |  1811|
|15    |FDSE      |     1|
|16    |IBUF      |     2|
|17    |OBUF      |    16|
+------+----------+------+

Report Instance Areas: 
+------+----------------------+-------------+------+
|      |Instance              |Module       |Cells |
+------+----------------------+-------------+------+
|1     |top                   |             |  4354|
|2     |  cpu                 |pipeline_cpu |  4165|
|3     |    EXE_module        |exe          |   515|
|4     |      multiply_module |multiply     |   515|
|5     |    IF_module         |fetch        |   160|
|6     |    MEM_module        |mem          |     5|
|7     |    WB_module         |wb           |   199|
|8     |    data_ram_module   |data_ram     |   171|
|9     |    rf_module         |regfile      |  2015|
|10    |  cpu_clk_cg          |clk_divider  |     5|
|11    |  sbName              |seg          |   151|
+------+----------------------+-------------+------+
---------------------------------------------------------------------------------
Finished Writing Synthesis Report : Time (s): cpu = 00:00:42 ; elapsed = 00:00:46 . Memory (MB): peak = 733.199 ; gain = 526.402
---------------------------------------------------------------------------------
Synthesis finished with 0 errors, 0 critical warnings and 36 warnings.
Synthesis Optimization Runtime : Time (s): cpu = 00:00:29 ; elapsed = 00:00:35 . Memory (MB): peak = 733.199 ; gain = 183.684
Synthesis Optimization Complete : Time (s): cpu = 00:00:42 ; elapsed = 00:00:47 . Memory (MB): peak = 733.199 ; gain = 526.402
INFO: [Project 1-571] Translating synthesized netlist
INFO: [Netlist 29-17] Analyzing 155 Unisim elements for replacement
INFO: [Netlist 29-28] Unisim Transformation completed in 0 CPU seconds
INFO: [Project 1-570] Preparing netlist for logic optimization
INFO: [Opt 31-138] Pushed 0 inverter(s) to 0 load pin(s).
INFO: [Project 1-111] Unisim Transformation Summary:
  A total of 64 instances were transformed.
  RAM256X1S => RAM256X1S (MUXF7, MUXF7, MUXF8, RAMS64E, RAMS64E, RAMS64E, RAMS64E): 64 instances

INFO: [Common 17-83] Releasing license: Synthesis
83 Infos, 37 Warnings, 0 Critical Warnings and 0 Errors encountered.
synth_design completed successfully
synth_design: Time (s): cpu = 00:00:43 ; elapsed = 00:00:44 . Memory (MB): peak = 733.199 ; gain = 501.262
report_utilization: Time (s): cpu = 00:00:00 ; elapsed = 00:00:00.042 . Memory (MB): peak = 733.199 ; gain = 0.000
INFO: [Common 17-206] Exiting Vivado at Thu Mar 19 10:31:21 2020...
